{"/Users/lcxfs1991/web/steamer-plugin-jb/index.js":{"path":"/Users/lcxfs1991/web/steamer-plugin-jb/index.js","s":{"1":1,"2":1,"3":3,"4":3,"5":1,"6":2,"7":1,"8":2,"9":2,"10":2,"11":2,"12":2,"13":0,"14":2,"15":1,"16":2,"17":1,"18":1,"19":1,"20":1,"21":1,"22":1,"23":1,"24":1,"25":1,"26":1,"27":1,"28":1,"29":1,"30":1,"31":1,"32":1,"33":1},"b":{"1":[2,0],"2":[2,0],"3":[1,1],"4":[1,0],"5":[1,0],"6":[1,0],"7":[1,0]},"f":{"1":3,"2":2,"3":2,"4":2,"5":1,"6":1,"7":1},"fnMap":{"1":{"name":"JBPlugin","line":8,"loc":{"start":{"line":8,"column":0},"end":{"line":8,"column":24}}},"2":{"name":"(anonymous_2)","line":13,"loc":{"start":{"line":13,"column":26},"end":{"line":13,"column":37}}},"3":{"name":"(anonymous_3)","line":17,"loc":{"start":{"line":17,"column":29},"end":{"line":17,"column":40}}},"4":{"name":"(anonymous_4)","line":41,"loc":{"start":{"line":41,"column":33},"end":{"line":41,"column":48}}},"5":{"name":"(anonymous_5)","line":50,"loc":{"start":{"line":50,"column":34},"end":{"line":50,"column":45}}},"6":{"name":"(anonymous_6)","line":56,"loc":{"start":{"line":56,"column":33},"end":{"line":56,"column":44}}},"7":{"name":"(anonymous_7)","line":76,"loc":{"start":{"line":76,"column":26},"end":{"line":76,"column":37}}}},"statementMap":{"1":{"start":{"line":3,"column":0},"end":{"line":6,"column":34}},"2":{"start":{"line":8,"column":0},"end":{"line":11,"column":1}},"3":{"start":{"line":9,"column":1},"end":{"line":9,"column":18}},"4":{"start":{"line":10,"column":1},"end":{"line":10,"column":56}},"5":{"start":{"line":13,"column":0},"end":{"line":15,"column":2}},"6":{"start":{"line":14,"column":1},"end":{"line":14,"column":16}},"7":{"start":{"line":17,"column":0},"end":{"line":39,"column":2}},"8":{"start":{"line":18,"column":1},"end":{"line":38,"column":4}},"9":{"start":{"line":27,"column":5},"end":{"line":27,"column":42}},"10":{"start":{"line":29,"column":5},"end":{"line":37,"column":6}},"11":{"start":{"line":30,"column":6},"end":{"line":35,"column":7}},"12":{"start":{"line":31,"column":7},"end":{"line":31,"column":101}},"13":{"start":{"line":34,"column":7},"end":{"line":34,"column":25}},"14":{"start":{"line":36,"column":6},"end":{"line":36,"column":29}},"15":{"start":{"line":41,"column":0},"end":{"line":48,"column":2}},"16":{"start":{"line":42,"column":1},"end":{"line":47,"column":2}},"17":{"start":{"line":43,"column":2},"end":{"line":43,"column":22}},"18":{"start":{"line":45,"column":6},"end":{"line":47,"column":2}},"19":{"start":{"line":46,"column":2},"end":{"line":46,"column":21}},"20":{"start":{"line":50,"column":0},"end":{"line":54,"column":2}},"21":{"start":{"line":51,"column":1},"end":{"line":51,"column":52}},"22":{"start":{"line":53,"column":1},"end":{"line":53,"column":105}},"23":{"start":{"line":56,"column":0},"end":{"line":74,"column":2}},"24":{"start":{"line":58,"column":1},"end":{"line":58,"column":50}},"25":{"start":{"line":59,"column":1},"end":{"line":59,"column":54}},"26":{"start":{"line":61,"column":1},"end":{"line":72,"column":4}},"27":{"start":{"line":66,"column":5},"end":{"line":66,"column":35}},"28":{"start":{"line":68,"column":5},"end":{"line":71,"column":6}},"29":{"start":{"line":69,"column":6},"end":{"line":69,"column":34}},"30":{"start":{"line":70,"column":6},"end":{"line":70,"column":130}},"31":{"start":{"line":76,"column":0},"end":{"line":78,"column":2}},"32":{"start":{"line":77,"column":1},"end":{"line":77,"column":50}},"33":{"start":{"line":80,"column":0},"end":{"line":80,"column":26}}},"branchMap":{"1":{"line":27,"type":"binary-expr","locations":[{"start":{"line":27,"column":16},"end":{"line":27,"column":28}},{"start":{"line":27,"column":32},"end":{"line":27,"column":41}}]},"2":{"line":29,"type":"if","locations":[{"start":{"line":29,"column":5},"end":{"line":29,"column":5}},{"start":{"line":29,"column":5},"end":{"line":29,"column":5}}]},"3":{"line":42,"type":"if","locations":[{"start":{"line":42,"column":1},"end":{"line":42,"column":1}},{"start":{"line":42,"column":1},"end":{"line":42,"column":1}}]},"4":{"line":45,"type":"if","locations":[{"start":{"line":45,"column":6},"end":{"line":45,"column":6}},{"start":{"line":45,"column":6},"end":{"line":45,"column":6}}]},"5":{"line":59,"type":"binary-expr","locations":[{"start":{"line":59,"column":18},"end":{"line":59,"column":35}},{"start":{"line":59,"column":39},"end":{"line":59,"column":53}}]},"6":{"line":66,"type":"binary-expr","locations":[{"start":{"line":66,"column":15},"end":{"line":66,"column":26}},{"start":{"line":66,"column":30},"end":{"line":66,"column":34}}]},"7":{"line":68,"type":"if","locations":[{"start":{"line":68,"column":5},"end":{"line":68,"column":5}},{"start":{"line":68,"column":5},"end":{"line":68,"column":5}}]}}},"/Users/lcxfs1991/web/steamer-plugin-jb/template/project.js":{"path":"/Users/lcxfs1991/web/steamer-plugin-jb/template/project.js","s":{"1":1},"b":{},"f":{},"fnMap":{},"statementMap":{"1":{"start":{"line":1,"column":0},"end":{"line":28,"column":2}}},"branchMap":{}}}