TN:
SF:/Users/lcxfs1991/web/steamer-plugin-jb/index.js
FN:8,JBPlugin
FN:13,(anonymous_2)
FN:17,(anonymous_3)
FN:41,(anonymous_4)
FN:50,(anonymous_5)
FN:56,(anonymous_6)
FN:76,(anonymous_7)
FNF:7
FNH:7
FNDA:3,JBPlugin
FNDA:2,(anonymous_2)
FNDA:2,(anonymous_3)
FNDA:2,(anonymous_4)
FNDA:1,(anonymous_5)
FNDA:1,(anonymous_6)
FNDA:1,(anonymous_7)
DA:3,1
DA:8,1
DA:9,3
DA:10,3
DA:13,1
DA:14,2
DA:17,1
DA:18,2
DA:27,2
DA:29,2
DA:30,2
DA:31,2
DA:34,0
DA:36,2
DA:41,1
DA:42,2
DA:43,1
DA:45,1
DA:46,1
DA:50,1
DA:51,1
DA:53,1
DA:56,1
DA:58,1
DA:59,1
DA:61,1
DA:66,1
DA:68,1
DA:69,1
DA:70,1
DA:76,1
DA:77,1
DA:80,1
LF:33
LH:32
BRDA:27,1,0,2
BRDA:27,1,1,0
BRDA:29,2,0,2
BRDA:29,2,1,0
BRDA:42,3,0,1
BRDA:42,3,1,1
BRDA:45,4,0,1
BRDA:45,4,1,0
BRDA:59,5,0,1
BRDA:59,5,1,0
BRDA:66,6,0,1
BRDA:66,6,1,0
BRDA:68,7,0,1
BRDA:68,7,1,0
BRF:14
BRH:8
end_of_record
TN:
SF:/Users/lcxfs1991/web/steamer-plugin-jb/template/project.js
FNF:0
FNH:0
DA:1,1
LF:1
LH:1
BRF:0
BRH:0
end_of_record
